<?xml version="1.0" encoding="UTF-8"?>
<robot generator="Robot 7.1 (Python 3.12.7 on win32)" generated="2024-10-11T02:37:03.530705" rpa="false" schemaversion="5">
<suite id="s1" name="Homework" source="D:\C\pyrobothome\homework.robot">
<test id="s1-t1" name="Open web site testingv" line="9">
<kw name="Open Browser" owner="SeleniumLibrary">
<msg time="2024-10-11T02:37:03.729457" level="INFO">Opening browser 'chrome' to base url 'https://www.saucedemo.com/v1/index.html'.</msg>
<arg>${url}</arg>
<arg>${browser}</arg>
<doc>Opens a new browser instance to the optional ``url``.</doc>
<status status="PASS" start="2024-10-11T02:37:03.729457" elapsed="2.400389"/>
</kw>
<kw name="Verify page login">
<kw name="Wait Until Element Is Visible" owner="SeleniumLibrary">
<arg>//*[@id="login-button"]</arg>
<arg>timeout=5s</arg>
<doc>Waits until the element ``locator`` is visible.</doc>
<status status="PASS" start="2024-10-11T02:37:06.130846" elapsed="0.022983"/>
</kw>
<status status="PASS" start="2024-10-11T02:37:06.129846" elapsed="0.023983"/>
</kw>
<kw name="Input username">
<kw name="Input Text" owner="SeleniumLibrary">
<msg time="2024-10-11T02:37:06.154876" level="INFO">Typing text 'standard_user' into text field '//*[@id="user-name"]'.</msg>
<arg>//*[@id="user-name"]</arg>
<arg>${username}</arg>
<doc>Types the given ``text`` into the text field identified by ``locator``.</doc>
<status status="PASS" start="2024-10-11T02:37:06.154353" elapsed="0.100199"/>
</kw>
<arg>${name.standard.user}</arg>
<status status="PASS" start="2024-10-11T02:37:06.153829" elapsed="0.100723"/>
</kw>
<kw name="Input password">
<kw name="Input Text" owner="SeleniumLibrary">
<msg time="2024-10-11T02:37:06.255550" level="INFO">Typing text 'secret_sauce' into text field '//*[@id="password"]'.</msg>
<arg>//*[@id="password"]</arg>
<arg>${password}</arg>
<doc>Types the given ``text`` into the text field identified by ``locator``.</doc>
<status status="PASS" start="2024-10-11T02:37:06.254552" elapsed="0.079463"/>
</kw>
<arg>${name.standard.password}</arg>
<status status="PASS" start="2024-10-11T02:37:06.254552" elapsed="0.080037"/>
</kw>
<kw name="Click login">
<kw name="Click Button" owner="SeleniumLibrary">
<msg time="2024-10-11T02:37:06.335099" level="INFO">Clicking button '//*[@id="login-button"]'.</msg>
<arg>//*[@id="login-button"]</arg>
<doc>Clicks the button identified by ``locator``.</doc>
<status status="PASS" start="2024-10-11T02:37:06.335099" elapsed="1.625176"/>
</kw>
<status status="PASS" start="2024-10-11T02:37:06.334589" elapsed="1.625686"/>
</kw>
<kw name="Verify page products">
<kw name="Wait Until Element Is Visible" owner="SeleniumLibrary">
<arg>//div[contains(text(),"Products")]</arg>
<arg>timeout=5s</arg>
<doc>Waits until the element ``locator`` is visible.</doc>
<status status="PASS" start="2024-10-11T02:37:07.960275" elapsed="0.015020"/>
</kw>
<status status="PASS" start="2024-10-11T02:37:07.960275" elapsed="0.016023"/>
</kw>
<kw name="Verify list Product">
<kw name="Get Text" owner="SeleniumLibrary">
<msg time="2024-10-11T02:37:07.991829" level="INFO">${product1name} = Sauce Labs Backpack</msg>
<var>${product1name}</var>
<arg>//*[@id="item_4_title_link"]/div</arg>
<doc>Returns the text value of the element identified by ``locator``.</doc>
<status status="PASS" start="2024-10-11T02:37:07.976298" elapsed="0.015531"/>
</kw>
<kw name="Get Text" owner="SeleniumLibrary">
<msg time="2024-10-11T02:37:08.004942" level="INFO">${product1detail} = carry.allTheThings() with the sleek, streamlined Sly Pack that melds uncompromising style with unequaled laptop and tablet protection.</msg>
<var>${product1detail}</var>
<arg>//*[@id="inventory_container"]/div/div[1]/div[2]/div</arg>
<doc>Returns the text value of the element identified by ``locator``.</doc>
<status status="PASS" start="2024-10-11T02:37:07.991829" elapsed="0.013113"/>
</kw>
<kw name="Get Text" owner="SeleniumLibrary">
<msg time="2024-10-11T02:37:08.017452" level="INFO">${product1price} = $29.99</msg>
<var>${product1price}</var>
<arg>(//*[@id="inventory_container"]/div/div[1]/div[3]/div)[2]</arg>
<doc>Returns the text value of the element identified by ``locator``.</doc>
<status status="PASS" start="2024-10-11T02:37:08.004942" elapsed="0.012510"/>
</kw>
<kw name="Get Text" owner="SeleniumLibrary">
<msg time="2024-10-11T02:37:08.029749" level="INFO">${product2name} = Sauce Labs Bike Light</msg>
<var>${product2name}</var>
<arg>//*[@id="item_0_title_link"]/div</arg>
<doc>Returns the text value of the element identified by ``locator``.</doc>
<status status="PASS" start="2024-10-11T02:37:08.017452" elapsed="0.012297"/>
</kw>
<kw name="Get Text" owner="SeleniumLibrary">
<msg time="2024-10-11T02:37:08.040840" level="INFO">${product2detail} = A red light isn't the desired state in testing but it sure helps when riding your bike at night. Water-resistant with 3 lighting modes, 1 AAA battery included.</msg>
<var>${product2detail}</var>
<arg>//*[@id="inventory_container"]/div/div[2]/div[2]/div</arg>
<doc>Returns the text value of the element identified by ``locator``.</doc>
<status status="PASS" start="2024-10-11T02:37:08.030748" elapsed="0.010092"/>
</kw>
<kw name="Get Text" owner="SeleniumLibrary">
<msg time="2024-10-11T02:37:08.053996" level="INFO">${product2price} = $9.99</msg>
<var>${product2price}</var>
<arg>//*[@id="inventory_container"]/div/div[2]/div[3]/div</arg>
<doc>Returns the text value of the element identified by ``locator``.</doc>
<status status="PASS" start="2024-10-11T02:37:08.041841" elapsed="0.012155"/>
</kw>
<kw name="Get Text" owner="SeleniumLibrary">
<msg time="2024-10-11T02:37:08.065506" level="INFO">${product3name} = Sauce Labs Bolt T-Shirt</msg>
<var>${product3name}</var>
<arg>//*[@id="item_1_title_link"]/div</arg>
<doc>Returns the text value of the element identified by ``locator``.</doc>
<status status="PASS" start="2024-10-11T02:37:08.053996" elapsed="0.011510"/>
</kw>
<kw name="Get Text" owner="SeleniumLibrary">
<msg time="2024-10-11T02:37:08.077528" level="INFO">${product3detail} = Get your testing superhero on with the Sauce Labs bolt T-shirt. From American Apparel, 100% ringspun combed cotton, heather gray with red bolt.</msg>
<var>${product3detail}</var>
<arg>//*[@id="inventory_container"]/div/div[3]/div[2]/div</arg>
<doc>Returns the text value of the element identified by ``locator``.</doc>
<status status="PASS" start="2024-10-11T02:37:08.067010" elapsed="0.010518"/>
</kw>
<kw name="Get Text" owner="SeleniumLibrary">
<msg time="2024-10-11T02:37:08.089041" level="INFO">${product3price} = $15.99</msg>
<var>${product3price}</var>
<arg>//*[@id="inventory_container"]/div/div[3]/div[3]/div</arg>
<doc>Returns the text value of the element identified by ``locator``.</doc>
<status status="PASS" start="2024-10-11T02:37:08.077528" elapsed="0.011513"/>
</kw>
<kw name="Get Text" owner="SeleniumLibrary">
<msg time="2024-10-11T02:37:08.102621" level="INFO">${product4name} = Sauce Labs Fleece Jacket</msg>
<var>${product4name}</var>
<arg>//*[@id="item_5_title_link"]/div</arg>
<doc>Returns the text value of the element identified by ``locator``.</doc>
<status status="PASS" start="2024-10-11T02:37:08.089041" elapsed="0.013580"/>
</kw>
<kw name="Get Text" owner="SeleniumLibrary">
<msg time="2024-10-11T02:37:08.114354" level="INFO">${product4detail} = It's not every day that you come across a midweight quarter-zip fleece jacket capable of handling everything from a relaxing day outdoors to a busy day at the office.</msg>
<var>${product4detail}</var>
<arg>//*[@id="inventory_container"]/div/div[4]/div[2]/div</arg>
<doc>Returns the text value of the element identified by ``locator``.</doc>
<status status="PASS" start="2024-10-11T02:37:08.102621" elapsed="0.011733"/>
</kw>
<kw name="Get Text" owner="SeleniumLibrary">
<msg time="2024-10-11T02:37:08.127718" level="INFO">${product4price} = $49.99</msg>
<var>${product4price}</var>
<arg>//*[@id="inventory_container"]/div/div[4]/div[3]/div</arg>
<doc>Returns the text value of the element identified by ``locator``.</doc>
<status status="PASS" start="2024-10-11T02:37:08.115387" elapsed="0.012331"/>
</kw>
<kw name="Get Text" owner="SeleniumLibrary">
<msg time="2024-10-11T02:37:08.140092" level="INFO">${product5name} = Sauce Labs Onesie</msg>
<var>${product5name}</var>
<arg>//*[@id="item_2_title_link"]/div</arg>
<doc>Returns the text value of the element identified by ``locator``.</doc>
<status status="PASS" start="2024-10-11T02:37:08.127718" elapsed="0.012374"/>
</kw>
<kw name="Get Text" owner="SeleniumLibrary">
<msg time="2024-10-11T02:37:08.151607" level="INFO">${product5detail} = Rib snap infant onesie for the junior automation engineer in development. Reinforced 3-snap bottom closure, two-needle hemmed sleeved and bottom won't unravel.</msg>
<var>${product5detail}</var>
<arg>//*[@id="inventory_container"]/div/div[5]/div[2]/div</arg>
<doc>Returns the text value of the element identified by ``locator``.</doc>
<status status="PASS" start="2024-10-11T02:37:08.140092" elapsed="0.011515"/>
</kw>
<kw name="Get Text" owner="SeleniumLibrary">
<msg time="2024-10-11T02:37:08.162631" level="INFO">${product5price} = $7.99</msg>
<var>${product5price}</var>
<arg>//*[@id="inventory_container"]/div/div[5]/div[3]/div</arg>
<doc>Returns the text value of the element identified by ``locator``.</doc>
<status status="PASS" start="2024-10-11T02:37:08.151607" elapsed="0.011024"/>
</kw>
<kw name="Get Text" owner="SeleniumLibrary">
<msg time="2024-10-11T02:37:08.174694" level="INFO">${product6name} = Test.allTheThings() T-Shirt (Red)</msg>
<var>${product6name}</var>
<arg>//*[@id="item_3_title_link"]/div</arg>
<doc>Returns the text value of the element identified by ``locator``.</doc>
<status status="PASS" start="2024-10-11T02:37:08.163631" elapsed="0.011063"/>
</kw>
<kw name="Get Text" owner="SeleniumLibrary">
<msg time="2024-10-11T02:37:08.187207" level="INFO">${product6detail} = This classic Sauce Labs t-shirt is perfect to wear when cozying up to your keyboard to automate a few tests. Super-soft and comfy ringspun combed cotton.</msg>
<var>${product6detail}</var>
<arg>//*[@id="inventory_container"]/div/div[6]/div[2]/div</arg>
<doc>Returns the text value of the element identified by ``locator``.</doc>
<status status="PASS" start="2024-10-11T02:37:08.175695" elapsed="0.012513"/>
</kw>
<kw name="Get Text" owner="SeleniumLibrary">
<msg time="2024-10-11T02:37:08.199715" level="INFO">${product6price} = $15.99</msg>
<var>${product6price}</var>
<arg>//*[@id="inventory_container"]/div/div[6]/div[3]/div</arg>
<doc>Returns the text value of the element identified by ``locator``.</doc>
<status status="PASS" start="2024-10-11T02:37:08.188208" elapsed="0.011507"/>
</kw>
<kw name="Should Be Equal As Strings" owner="BuiltIn">
<arg>${product1name}</arg>
<arg>${product.p1.name}</arg>
<doc>Fails if objects are unequal after converting them to strings.</doc>
<status status="PASS" start="2024-10-11T02:37:08.199715" elapsed="0.001557"/>
</kw>
<kw name="Should Be Equal As Strings" owner="BuiltIn">
<arg>${product1detail}</arg>
<arg>${product.p1.description}</arg>
<doc>Fails if objects are unequal after converting them to strings.</doc>
<status status="PASS" start="2024-10-11T02:37:08.201777" elapsed="0.000000"/>
</kw>
<kw name="Should Be Equal As Strings" owner="BuiltIn">
<arg>${product1price}</arg>
<arg>$${product.p1.price}</arg>
<doc>Fails if objects are unequal after converting them to strings.</doc>
<status status="PASS" start="2024-10-11T02:37:08.201777" elapsed="0.000000"/>
</kw>
<kw name="Should Be Equal As Strings" owner="BuiltIn">
<arg>${product2name}</arg>
<arg>${product.p2.name}</arg>
<doc>Fails if objects are unequal after converting them to strings.</doc>
<status status="PASS" start="2024-10-11T02:37:08.202784" elapsed="0.000000"/>
</kw>
<kw name="Should Be Equal As Strings" owner="BuiltIn">
<arg>${product2detail}</arg>
<arg>${product.p2.description}</arg>
<doc>Fails if objects are unequal after converting them to strings.</doc>
<status status="PASS" start="2024-10-11T02:37:08.202784" elapsed="0.000000"/>
</kw>
<kw name="Should Be Equal As Strings" owner="BuiltIn">
<arg>${product2price}</arg>
<arg>$${product.p2.price}</arg>
<doc>Fails if objects are unequal after converting them to strings.</doc>
<status status="PASS" start="2024-10-11T02:37:08.202784" elapsed="0.000998"/>
</kw>
<kw name="Should Be Equal As Strings" owner="BuiltIn">
<arg>${product3name}</arg>
<arg>${product.p3.name}</arg>
<doc>Fails if objects are unequal after converting them to strings.</doc>
<status status="PASS" start="2024-10-11T02:37:08.203782" elapsed="0.000000"/>
</kw>
<kw name="Should Be Equal As Strings" owner="BuiltIn">
<arg>${product3detail}</arg>
<arg>${product.p3.description}</arg>
<doc>Fails if objects are unequal after converting them to strings.</doc>
<status status="PASS" start="2024-10-11T02:37:08.203782" elapsed="0.000000"/>
</kw>
<kw name="Should Be Equal As Strings" owner="BuiltIn">
<arg>${product3price}</arg>
<arg>$${product.p3.price}</arg>
<doc>Fails if objects are unequal after converting them to strings.</doc>
<status status="PASS" start="2024-10-11T02:37:08.204782" elapsed="0.000000"/>
</kw>
<kw name="Should Be Equal As Strings" owner="BuiltIn">
<arg>${product4name}</arg>
<arg>${product.p4.name}</arg>
<doc>Fails if objects are unequal after converting them to strings.</doc>
<status status="PASS" start="2024-10-11T02:37:08.204782" elapsed="0.000000"/>
</kw>
<kw name="Should Be Equal As Strings" owner="BuiltIn">
<arg>${product4detail}</arg>
<arg>${product.p4.description}</arg>
<doc>Fails if objects are unequal after converting them to strings.</doc>
<status status="PASS" start="2024-10-11T02:37:08.204782" elapsed="0.000999"/>
</kw>
<kw name="Should Be Equal As Strings" owner="BuiltIn">
<arg>${product4price}</arg>
<arg>$${product.p4.price}</arg>
<doc>Fails if objects are unequal after converting them to strings.</doc>
<status status="PASS" start="2024-10-11T02:37:08.205781" elapsed="0.000000"/>
</kw>
<kw name="Should Be Equal As Strings" owner="BuiltIn">
<arg>${product5name}</arg>
<arg>${product.p5.name}</arg>
<doc>Fails if objects are unequal after converting them to strings.</doc>
<status status="PASS" start="2024-10-11T02:37:08.205781" elapsed="0.001001"/>
</kw>
<kw name="Should Be Equal As Strings" owner="BuiltIn">
<arg>${product5detail}</arg>
<arg>${product.p5.description}</arg>
<doc>Fails if objects are unequal after converting them to strings.</doc>
<status status="PASS" start="2024-10-11T02:37:08.206782" elapsed="0.000000"/>
</kw>
<kw name="Should Be Equal As Strings" owner="BuiltIn">
<arg>${product5price}</arg>
<arg>$${product.p5.price}</arg>
<doc>Fails if objects are unequal after converting them to strings.</doc>
<status status="PASS" start="2024-10-11T02:37:08.206782" elapsed="0.000000"/>
</kw>
<kw name="Should Be Equal As Strings" owner="BuiltIn">
<arg>${product6name}</arg>
<arg>${product.p6.name}</arg>
<doc>Fails if objects are unequal after converting them to strings.</doc>
<status status="PASS" start="2024-10-11T02:37:08.206782" elapsed="0.001000"/>
</kw>
<kw name="Should Be Equal As Strings" owner="BuiltIn">
<arg>${product6detail}</arg>
<arg>${product.p6.description}</arg>
<doc>Fails if objects are unequal after converting them to strings.</doc>
<status status="PASS" start="2024-10-11T02:37:08.207782" elapsed="0.000000"/>
</kw>
<kw name="Should Be Equal As Strings" owner="BuiltIn">
<arg>${product6price}</arg>
<arg>$${product.p6.price}</arg>
<doc>Fails if objects are unequal after converting them to strings.</doc>
<status status="PASS" start="2024-10-11T02:37:08.207782" elapsed="0.000000"/>
</kw>
<status status="PASS" start="2024-10-11T02:37:07.976298" elapsed="0.232485"/>
</kw>
<kw name="Click add cart">
<kw name="Click Button" owner="SeleniumLibrary">
<msg time="2024-10-11T02:37:08.208783" level="INFO">Clicking button '//*[@id="inventory_container"]/div/div[1]/div[3]/button'.</msg>
<arg>//*[@id="inventory_container"]/div/div[1]/div[3]/button</arg>
<doc>Clicks the button identified by ``locator``.</doc>
<status status="PASS" start="2024-10-11T02:37:08.208783" elapsed="0.042892"/>
</kw>
<status status="PASS" start="2024-10-11T02:37:08.208783" elapsed="0.043416"/>
</kw>
<kw name="Click cart">
<kw name="Click Element" owner="SeleniumLibrary">
<msg time="2024-10-11T02:37:08.252728" level="INFO">Clicking element '//*[@id="shopping_cart_container"]/a'.</msg>
<arg>//*[@id="shopping_cart_container"]/a</arg>
<doc>Click the element identified by ``locator``.</doc>
<status status="PASS" start="2024-10-11T02:37:08.252728" elapsed="0.080596"/>
</kw>
<status status="PASS" start="2024-10-11T02:37:08.252199" elapsed="0.082125"/>
</kw>
<kw name="Verify page cart">
<kw name="Wait Until Element Is Visible" owner="SeleniumLibrary">
<arg>//*[@id="contents_wrapper"]/div[2]</arg>
<arg>timeout=5s</arg>
<doc>Waits until the element ``locator`` is visible.</doc>
<status status="PASS" start="2024-10-11T02:37:08.334324" elapsed="0.016297"/>
</kw>
<status status="PASS" start="2024-10-11T02:37:08.334324" elapsed="0.016297"/>
</kw>
<kw name="Verify product in cart">
<kw name="Get Text" owner="SeleniumLibrary">
<msg time="2024-10-11T02:37:08.361791" level="INFO">${productname} = Sauce Labs Backpack</msg>
<var>${productname}</var>
<arg>//*[@id="item_4_title_link"]/div</arg>
<doc>Returns the text value of the element identified by ``locator``.</doc>
<status status="PASS" start="2024-10-11T02:37:08.351621" elapsed="0.010170"/>
</kw>
<kw name="Get Text" owner="SeleniumLibrary">
<msg time="2024-10-11T02:37:08.375610" level="INFO">${productdetail} = carry.allTheThings() with the sleek, streamlined Sly Pack that melds uncompromising style with unequaled laptop and tablet protection.</msg>
<var>${productdetail}</var>
<arg>//*[@id="cart_contents_container"]/div/div[1]/div[3]/div[2]/div[1]</arg>
<doc>Returns the text value of the element identified by ``locator``.</doc>
<status status="PASS" start="2024-10-11T02:37:08.362800" elapsed="0.012810"/>
</kw>
<kw name="Get Text" owner="SeleniumLibrary">
<msg time="2024-10-11T02:37:08.389218" level="INFO">${price} = 29.99</msg>
<var>${price}</var>
<arg>//*[@id="cart_contents_container"]/div/div[1]/div[3]/div[2]/div[2]/div</arg>
<doc>Returns the text value of the element identified by ``locator``.</doc>
<status status="PASS" start="2024-10-11T02:37:08.375610" elapsed="0.013608"/>
</kw>
<kw name="Should Be Equal As Strings" owner="BuiltIn">
<arg>${productname}</arg>
<arg>${product.p1.name}</arg>
<doc>Fails if objects are unequal after converting them to strings.</doc>
<status status="PASS" start="2024-10-11T02:37:08.389218" elapsed="0.000531"/>
</kw>
<kw name="Should Be Equal As Strings" owner="BuiltIn">
<arg>${productdetail}</arg>
<arg>${product.p1.description}</arg>
<doc>Fails if objects are unequal after converting them to strings.</doc>
<status status="PASS" start="2024-10-11T02:37:08.390277" elapsed="0.000000"/>
</kw>
<kw name="Should Be Equal As Strings" owner="BuiltIn">
<msg time="2024-10-11T02:37:08.390811" level="INFO">Argument types are:
&lt;class 'str'&gt;
&lt;class 'float'&gt;</msg>
<arg>${price}</arg>
<arg>${product.p1.price}</arg>
<doc>Fails if objects are unequal after converting them to strings.</doc>
<status status="PASS" start="2024-10-11T02:37:08.390811" elapsed="0.000000"/>
</kw>
<status status="PASS" start="2024-10-11T02:37:08.350621" elapsed="0.040190"/>
</kw>
<kw name="Click checkout">
<kw name="Click Element" owner="SeleniumLibrary">
<msg time="2024-10-11T02:37:08.391851" level="INFO">Clicking element '//*[@id="cart_contents_container"]/div/div[2]/a[2]'.</msg>
<arg>//*[@id="cart_contents_container"]/div/div[2]/a[2]</arg>
<doc>Click the element identified by ``locator``.</doc>
<status status="PASS" start="2024-10-11T02:37:08.391338" elapsed="0.365338"/>
</kw>
<status status="PASS" start="2024-10-11T02:37:08.391338" elapsed="0.365338"/>
</kw>
<kw name="Verify page Information">
<kw name="Wait Until Element Is Visible" owner="SeleniumLibrary">
<arg>//*[@id="contents_wrapper"]/div[2]</arg>
<arg>timeout=5s</arg>
<doc>Waits until the element ``locator`` is visible.</doc>
<status status="PASS" start="2024-10-11T02:37:08.757673" elapsed="0.019117"/>
</kw>
<status status="PASS" start="2024-10-11T02:37:08.756676" elapsed="0.020114"/>
</kw>
<kw name="Input Information">
<kw name="Input Text" owner="SeleniumLibrary">
<msg time="2024-10-11T02:37:08.777791" level="INFO">Typing text 'ftest' into text field '//*[@id="first-name"]'.</msg>
<arg>//*[@id="first-name"]</arg>
<arg>ftest</arg>
<doc>Types the given ``text`` into the text field identified by ``locator``.</doc>
<status status="PASS" start="2024-10-11T02:37:08.777791" elapsed="0.062100"/>
</kw>
<kw name="Input Text" owner="SeleniumLibrary">
<msg time="2024-10-11T02:37:08.841398" level="INFO">Typing text 'ltest' into text field '//*[@id="last-name"]'.</msg>
<arg>//*[@id="last-name"]</arg>
<arg>ltest</arg>
<doc>Types the given ``text`` into the text field identified by ``locator``.</doc>
<status status="PASS" start="2024-10-11T02:37:08.839891" elapsed="0.061597"/>
</kw>
<kw name="Input Text" owner="SeleniumLibrary">
<msg time="2024-10-11T02:37:08.901488" level="INFO">Typing text '52000' into text field '//*[@id="postal-code"]'.</msg>
<arg>//*[@id="postal-code"]</arg>
<arg>52000</arg>
<doc>Types the given ``text`` into the text field identified by ``locator``.</doc>
<status status="PASS" start="2024-10-11T02:37:08.901488" elapsed="0.060093"/>
</kw>
<status status="PASS" start="2024-10-11T02:37:08.777791" elapsed="0.183790"/>
</kw>
<kw name="Click Continue">
<kw name="Click Button" owner="SeleniumLibrary">
<msg time="2024-10-11T02:37:08.962619" level="INFO">Clicking button '//*[@id="checkout_info_container"]/div/form/div[2]/input'.</msg>
<arg>//*[@id="checkout_info_container"]/div/form/div[2]/input</arg>
<doc>Clicks the button identified by ``locator``.</doc>
<status status="PASS" start="2024-10-11T02:37:08.962619" elapsed="0.366075"/>
</kw>
<status status="PASS" start="2024-10-11T02:37:08.962619" elapsed="0.366075"/>
</kw>
<kw name="Verify page checkout">
<kw name="Wait Until Element Is Visible" owner="SeleniumLibrary">
<arg>//*[@id="contents_wrapper"]/div[2]</arg>
<arg>timeout=5s</arg>
<doc>Waits until the element ``locator`` is visible.</doc>
<status status="PASS" start="2024-10-11T02:37:09.329693" elapsed="0.020054"/>
</kw>
<status status="PASS" start="2024-10-11T02:37:09.329693" elapsed="0.020054"/>
</kw>
<kw name="Verify Checkout Overview">
<kw name="Get Text" owner="SeleniumLibrary">
<msg time="2024-10-11T02:37:09.361280" level="INFO">${productNameOverview} = Sauce Labs Backpack</msg>
<var>${productNameOverview}</var>
<arg>//*[@id="item_4_title_link"]/div</arg>
<doc>Returns the text value of the element identified by ``locator``.</doc>
<status status="PASS" start="2024-10-11T02:37:09.350281" elapsed="0.010999"/>
</kw>
<kw name="Get Text" owner="SeleniumLibrary">
<msg time="2024-10-11T02:37:09.376987" level="INFO">${productDetailOverview} = carry.allTheThings() with the sleek, streamlined Sly Pack that melds uncompromising style with unequaled laptop and tablet protection.</msg>
<var>${productDetailOverview}</var>
<arg>//*[@id="checkout_summary_container"]/div/div[1]/div[3]/div[2]/div[1]</arg>
<doc>Returns the text value of the element identified by ``locator``.</doc>
<status status="PASS" start="2024-10-11T02:37:09.361280" elapsed="0.015707"/>
</kw>
<kw name="Get Text" owner="SeleniumLibrary">
<msg time="2024-10-11T02:37:09.391123" level="INFO">${productPriceOverview} = $29.99</msg>
<var>${productPriceOverview}</var>
<arg>//*[@id="checkout_summary_container"]/div/div[1]/div[3]/div[2]/div[2]</arg>
<doc>Returns the text value of the element identified by ``locator``.</doc>
<status status="PASS" start="2024-10-11T02:37:09.376987" elapsed="0.014136"/>
</kw>
<kw name="Set Variable" owner="BuiltIn">
<msg time="2024-10-11T02:37:09.391635" level="INFO">${productPriceOverview_$} = $$29.99</msg>
<var>${productPriceOverview_$}</var>
<arg>$${productPriceOverview}</arg>
<doc>Returns the given values which can then be assigned to a variables.</doc>
<status status="PASS" start="2024-10-11T02:37:09.391123" elapsed="0.000512"/>
</kw>
<kw name="Get Text" owner="SeleniumLibrary">
<msg time="2024-10-11T02:37:09.405276" level="INFO">${itemTotal} = Item total: $29.99</msg>
<var>${itemTotal}</var>
<arg>//*[@id="checkout_summary_container"]/div/div[2]/div[5]</arg>
<doc>Returns the text value of the element identified by ``locator``.</doc>
<status status="PASS" start="2024-10-11T02:37:09.391635" elapsed="0.013641"/>
</kw>
<kw name="Set Variable" owner="BuiltIn">
<msg time="2024-10-11T02:37:09.405794" level="INFO">${itemTotal_price} = $29.99</msg>
<var>${itemTotal_price}</var>
<arg>${itemTotal.split()[-1]}</arg>
<doc>Returns the given values which can then be assigned to a variables.</doc>
<status status="PASS" start="2024-10-11T02:37:09.405276" elapsed="0.000518"/>
</kw>
<kw name="Replace String" owner="String">
<msg time="2024-10-11T02:37:09.406314" level="INFO">${itemPrice_without_dollar} = 29.99</msg>
<var>${itemPrice_without_dollar}</var>
<arg>${itemTotal_price}</arg>
<arg>$</arg>
<arg>${EMPTY}</arg>
<doc>Replaces ``search_for`` in the given ``string`` with ``replace_with``.</doc>
<status status="PASS" start="2024-10-11T02:37:09.405794" elapsed="0.000520"/>
</kw>
<kw name="Set Variable" owner="BuiltIn">
<msg time="2024-10-11T02:37:09.406835" level="INFO">${itemTotal_chack} = Item total: $29.99</msg>
<var>${itemTotal_chack}</var>
<arg>Item total: $${product.p1.price}</arg>
<doc>Returns the given values which can then be assigned to a variables.</doc>
<status status="PASS" start="2024-10-11T02:37:09.406314" elapsed="0.000521"/>
</kw>
<kw name="Calculate Tax">
<kw name="Convert To Number" owner="BuiltIn">
<msg time="2024-10-11T02:37:09.407353" level="INFO">${amount_float} = 29.99</msg>
<var>${amount_float}</var>
<arg>${amount}</arg>
<doc>Converts the given item to a floating point number.</doc>
<status status="PASS" start="2024-10-11T02:37:09.406835" elapsed="0.000518"/>
</kw>
<kw name="Convert To Number" owner="BuiltIn">
<msg time="2024-10-11T02:37:09.407353" level="INFO">${tax_float} = 0.08</msg>
<var>${tax_float}</var>
<arg>${tax_rate}</arg>
<doc>Converts the given item to a floating point number.</doc>
<status status="PASS" start="2024-10-11T02:37:09.407353" elapsed="0.000000"/>
</kw>
<kw name="Evaluate" owner="BuiltIn">
<msg time="2024-10-11T02:37:09.407353" level="INFO">${tax} = 2.40</msg>
<var>${tax}</var>
<arg>"{:.2f}".format(round(${amount_float} * ${tax_rate},2))</arg>
<doc>Evaluates the given expression in Python and returns the result.</doc>
<status status="PASS" start="2024-10-11T02:37:09.407353" elapsed="0.000518"/>
</kw>
<return>
<value>${tax}</value>
<status status="PASS" start="2024-10-11T02:37:09.407871" elapsed="0.000000"/>
</return>
<msg time="2024-10-11T02:37:09.407871" level="INFO">${calculated_tax} = 2.40</msg>
<var>${calculated_tax}</var>
<arg>${itemPrice_without_dollar}</arg>
<arg>${TAX_RATE}</arg>
<status status="PASS" start="2024-10-11T02:37:09.406835" elapsed="0.001036"/>
</kw>
<kw name="Get Text" owner="SeleniumLibrary">
<msg time="2024-10-11T02:37:09.421952" level="INFO">${TaxPage} = Tax: $2.40</msg>
<var>${TaxPage}</var>
<arg>//*[@id="checkout_summary_container"]/div/div[2]/div[6]</arg>
<doc>Returns the text value of the element identified by ``locator``.</doc>
<status status="PASS" start="2024-10-11T02:37:09.407871" elapsed="0.014081"/>
</kw>
<kw name="Set Variable" owner="BuiltIn">
<msg time="2024-10-11T02:37:09.421952" level="INFO">${TaxPagePrice} = $2.40</msg>
<var>${TaxPagePrice}</var>
<arg>${TaxPage.split()[-1]}</arg>
<doc>Returns the given values which can then be assigned to a variables.</doc>
<status status="PASS" start="2024-10-11T02:37:09.421952" elapsed="0.000000"/>
</kw>
<kw name="Get Text" owner="SeleniumLibrary">
<msg time="2024-10-11T02:37:09.435181" level="INFO">${totle} = Total: $32.39</msg>
<var>${totle}</var>
<arg>//*[@id="checkout_summary_container"]/div/div[2]/div[7]</arg>
<doc>Returns the text value of the element identified by ``locator``.</doc>
<status status="PASS" start="2024-10-11T02:37:09.421952" elapsed="0.013755"/>
</kw>
<kw name="Set Variable" owner="BuiltIn">
<msg time="2024-10-11T02:37:09.436230" level="INFO">${totleOnlyPrice} = $32.39</msg>
<var>${totleOnlyPrice}</var>
<arg>${totle.split()[-1]}</arg>
<doc>Returns the given values which can then be assigned to a variables.</doc>
<status status="PASS" start="2024-10-11T02:37:09.435707" elapsed="0.000523"/>
</kw>
<kw name="Evaluate" owner="BuiltIn">
<msg time="2024-10-11T02:37:09.436230" level="INFO">${sum} = 32.39</msg>
<var>${sum}</var>
<arg>${itemPrice_without_dollar} + ${calculated_tax}</arg>
<doc>Evaluates the given expression in Python and returns the result.</doc>
<status status="PASS" start="2024-10-11T02:37:09.436230" elapsed="0.000000"/>
</kw>
<kw name="Should Be Equal As Strings" owner="BuiltIn">
<arg>${itemTotal}</arg>
<arg>${itemTotal_chack}</arg>
<doc>Fails if objects are unequal after converting them to strings.</doc>
<status status="PASS" start="2024-10-11T02:37:09.436230" elapsed="0.000516"/>
</kw>
<kw name="Should Be Equal As Strings" owner="BuiltIn">
<arg>${TaxPagePrice}</arg>
<arg>$${calculated_tax}</arg>
<doc>Fails if objects are unequal after converting them to strings.</doc>
<status status="PASS" start="2024-10-11T02:37:09.436746" elapsed="0.000000"/>
</kw>
<kw name="Should Be Equal As Strings" owner="BuiltIn">
<arg>${totleOnlyPrice}</arg>
<arg>$${sum}</arg>
<doc>Fails if objects are unequal after converting them to strings.</doc>
<status status="PASS" start="2024-10-11T02:37:09.436746" elapsed="0.000520"/>
</kw>
<status status="PASS" start="2024-10-11T02:37:09.350281" elapsed="0.086985"/>
</kw>
<kw name="Click Finish">
<kw name="Click Element" owner="SeleniumLibrary">
<msg time="2024-10-11T02:37:09.437793" level="INFO">Clicking element '//*[@id="checkout_summary_container"]/div/div[2]/div[8]/a[2]'.</msg>
<arg>//*[@id="checkout_summary_container"]/div/div[2]/div[8]/a[2]</arg>
<doc>Click the element identified by ``locator``.</doc>
<status status="PASS" start="2024-10-11T02:37:09.437793" elapsed="0.867297"/>
</kw>
<status status="PASS" start="2024-10-11T02:37:09.437266" elapsed="0.867824"/>
</kw>
<kw name="Verify Finish">
<kw name="Wait Until Element Is Visible" owner="SeleniumLibrary">
<arg>//*[@id="checkout_complete_container"]/img</arg>
<arg>timeout=5s</arg>
<doc>Waits until the element ``locator`` is visible.</doc>
<status status="PASS" start="2024-10-11T02:37:10.306092" elapsed="0.021055"/>
</kw>
<status status="PASS" start="2024-10-11T02:37:10.305090" elapsed="0.022057"/>
</kw>
<status status="PASS" start="2024-10-11T02:37:03.728456" elapsed="6.599194"/>
</test>
<status status="PASS" start="2024-10-11T02:37:03.531684" elapsed="6.796496"/>
</suite>
<statistics>
<total>
<stat pass="1" fail="0" skip="0">All Tests</stat>
</total>
<tag>
</tag>
<suite>
<stat pass="1" fail="0" skip="0" id="s1" name="Homework">Homework</stat>
</suite>
</statistics>
<errors>
<msg time="2024-10-11T02:37:03.527384" level="WARN">Error in file 'D:\C\pyrobothome\homework.robot' on line 136: The '[Return]' setting is deprecated. Use the 'RETURN' statement instead.</msg>
</errors>
</robot>
